{"/home/travis/build/npmtest/node-npmtest-easy-session/test.js":{"path":"/home/travis/build/npmtest/node-npmtest-easy-session/test.js","s":{"1":2,"2":2,"3":2,"4":2,"5":2,"6":2,"7":2,"8":1,"9":2,"10":2,"11":1,"12":1,"13":1,"14":1,"15":2,"16":2,"17":2,"18":2,"19":1,"20":1,"21":2,"22":2,"23":2,"24":1,"25":1,"26":1,"27":1,"28":1,"29":1,"30":1,"31":1,"32":1,"33":1,"34":1,"35":1,"36":1,"37":1,"38":1,"39":2,"40":2,"41":1,"42":2,"43":2,"44":1,"45":2,"46":2,"47":1,"48":2,"49":2,"50":1,"51":1,"52":1,"53":1,"54":1},"b":{"1":[2,1,1,1],"2":[1,1,1,1],"3":[1,1],"4":[1,1],"5":[1,1],"6":[1,1],"7":[1,1],"8":[1,1],"9":[1,1],"10":[1,1,1],"11":[1,1],"12":[1,1],"13":[1,1],"14":[1,1],"15":[1,1],"16":[1,1],"17":[1,1]},"f":{"1":2,"2":2,"3":2,"4":2,"5":2,"6":1,"7":1,"8":1,"9":2,"10":2,"11":2,"12":2,"13":1},"fnMap":{"1":{"name":"(anonymous_1)","line":12,"loc":{"start":{"line":12,"column":1},"end":{"line":12,"column":13}}},"2":{"name":"(anonymous_2)","line":19,"loc":{"start":{"line":19,"column":5},"end":{"line":19,"column":17}}},"3":{"name":"(anonymous_3)","line":23,"loc":{"start":{"line":23,"column":24},"end":{"line":23,"column":36}}},"4":{"name":"(anonymous_4)","line":61,"loc":{"start":{"line":61,"column":5},"end":{"line":61,"column":17}}},"5":{"name":"(anonymous_5)","line":82,"loc":{"start":{"line":82,"column":5},"end":{"line":82,"column":17}}},"6":{"name":"(anonymous_6)","line":91,"loc":{"start":{"line":91,"column":77},"end":{"line":94,"column":10}}},"7":{"name":"(anonymous_7)","line":112,"loc":{"start":{"line":112,"column":83},"end":{"line":115,"column":10}},"skip":true},"8":{"name":"(anonymous_8)","line":123,"loc":{"start":{"line":123,"column":77},"end":{"line":126,"column":10}},"skip":true},"9":{"name":"(anonymous_9)","line":139,"loc":{"start":{"line":139,"column":12},"end":{"line":139,"column":40}},"skip":true},"10":{"name":"(anonymous_10)","line":147,"loc":{"start":{"line":147,"column":77},"end":{"line":150,"column":10}},"skip":true},"11":{"name":"(anonymous_11)","line":158,"loc":{"start":{"line":158,"column":83},"end":{"line":161,"column":10}},"skip":true},"12":{"name":"(anonymous_12)","line":169,"loc":{"start":{"line":169,"column":79},"end":{"line":172,"column":10}},"skip":true},"13":{"name":"(anonymous_13)","line":180,"loc":{"start":{"line":180,"column":75},"end":{"line":183,"column":10}},"skip":true}},"statementMap":{"1":{"start":{"line":12,"column":0},"end":{"line":195,"column":5}},"2":{"start":{"line":14,"column":4},"end":{"line":14,"column":14}},"3":{"start":{"line":19,"column":4},"end":{"line":56,"column":9}},"4":{"start":{"line":21,"column":8},"end":{"line":21,"column":19}},"5":{"start":{"line":23,"column":8},"end":{"line":35,"column":13}},"6":{"start":{"line":24,"column":12},"end":{"line":34,"column":13}},"7":{"start":{"line":25,"column":16},"end":{"line":28,"column":30}},"8":{"start":{"line":30,"column":16},"end":{"line":33,"column":27}},"9":{"start":{"line":37,"column":8},"end":{"line":39,"column":21}},"10":{"start":{"line":40,"column":8},"end":{"line":53,"column":9}},"11":{"start":{"line":43,"column":12},"end":{"line":46,"column":14}},"12":{"start":{"line":47,"column":12},"end":{"line":47,"column":18}},"13":{"start":{"line":50,"column":12},"end":{"line":51,"column":33}},"14":{"start":{"line":52,"column":12},"end":{"line":52,"column":18}},"15":{"start":{"line":55,"column":8},"end":{"line":55,"column":35}},"16":{"start":{"line":61,"column":4},"end":{"line":63,"column":9}},"17":{"start":{"line":62,"column":8},"end":{"line":62,"column":15}},"18":{"start":{"line":64,"column":4},"end":{"line":77,"column":5}},"19":{"start":{"line":70,"column":8},"end":{"line":70,"column":14}},"20":{"start":{"line":76,"column":8},"end":{"line":76,"column":14}},"21":{"start":{"line":82,"column":4},"end":{"line":84,"column":9}},"22":{"start":{"line":83,"column":8},"end":{"line":83,"column":15}},"23":{"start":{"line":85,"column":4},"end":{"line":194,"column":5}},"24":{"start":{"line":91,"column":8},"end":{"line":99,"column":10}},"25":{"start":{"line":98,"column":12},"end":{"line":98,"column":35}},"26":{"start":{"line":102,"column":8},"end":{"line":104,"column":63}},"27":{"start":{"line":105,"column":8},"end":{"line":105,"column":14}},"28":{"start":{"line":112,"column":8},"end":{"line":121,"column":10},"skip":true},"29":{"start":{"line":119,"column":12},"end":{"line":119,"column":55},"skip":true},"30":{"start":{"line":120,"column":12},"end":{"line":120,"column":48},"skip":true},"31":{"start":{"line":123,"column":8},"end":{"line":136,"column":10},"skip":true},"32":{"start":{"line":130,"column":12},"end":{"line":130,"column":76},"skip":true},"33":{"start":{"line":131,"column":12},"end":{"line":131,"column":73},"skip":true},"34":{"start":{"line":132,"column":12},"end":{"line":132,"column":74},"skip":true},"35":{"start":{"line":133,"column":12},"end":{"line":133,"column":79},"skip":true},"36":{"start":{"line":134,"column":12},"end":{"line":134,"column":25},"skip":true},"37":{"start":{"line":135,"column":12},"end":{"line":135,"column":45},"skip":true},"38":{"start":{"line":138,"column":8},"end":{"line":145,"column":14},"skip":true},"39":{"start":{"line":143,"column":16},"end":{"line":143,"column":29},"skip":true},"40":{"start":{"line":144,"column":16},"end":{"line":144,"column":55},"skip":true},"41":{"start":{"line":147,"column":8},"end":{"line":156,"column":10},"skip":true},"42":{"start":{"line":154,"column":12},"end":{"line":154,"column":25},"skip":true},"43":{"start":{"line":155,"column":12},"end":{"line":155,"column":45},"skip":true},"44":{"start":{"line":158,"column":8},"end":{"line":167,"column":10},"skip":true},"45":{"start":{"line":165,"column":12},"end":{"line":165,"column":25},"skip":true},"46":{"start":{"line":166,"column":12},"end":{"line":166,"column":48},"skip":true},"47":{"start":{"line":169,"column":8},"end":{"line":178,"column":10},"skip":true},"48":{"start":{"line":176,"column":12},"end":{"line":176,"column":25},"skip":true},"49":{"start":{"line":177,"column":12},"end":{"line":177,"column":46},"skip":true},"50":{"start":{"line":180,"column":8},"end":{"line":189,"column":10},"skip":true},"51":{"start":{"line":187,"column":12},"end":{"line":187,"column":94},"skip":true},"52":{"start":{"line":188,"column":12},"end":{"line":188,"column":48},"skip":true},"53":{"start":{"line":192,"column":8},"end":{"line":192,"column":35},"skip":true},"54":{"start":{"line":193,"column":8},"end":{"line":193,"column":14},"skip":true}},"branchMap":{"1":{"line":25,"type":"binary-expr","locations":[{"start":{"line":25,"column":23},"end":{"line":25,"column":62}},{"start":{"line":26,"column":20},"end":{"line":26,"column":70}},{"start":{"line":27,"column":20},"end":{"line":27,"column":71}},{"start":{"line":28,"column":20},"end":{"line":28,"column":29}}]},"2":{"line":30,"type":"binary-expr","locations":[{"start":{"line":30,"column":23},"end":{"line":30,"column":37}},{"start":{"line":31,"column":20},"end":{"line":31,"column":61}},{"start":{"line":32,"column":20},"end":{"line":32,"column":70}},{"start":{"line":33,"column":20},"end":{"line":33,"column":26}}]},"3":{"line":37,"type":"cond-expr","locations":[{"start":{"line":38,"column":14},"end":{"line":38,"column":20}},{"start":{"line":39,"column":14},"end":{"line":39,"column":20}}]},"4":{"line":40,"type":"switch","locations":[{"start":{"line":42,"column":8},"end":{"line":47,"column":18}},{"start":{"line":49,"column":8},"end":{"line":52,"column":18}}]},"5":{"line":44,"type":"binary-expr","locations":[{"start":{"line":44,"column":16},"end":{"line":44,"column":44}},{"start":{"line":44,"column":48},"end":{"line":44,"column":66}}]},"6":{"line":50,"type":"binary-expr","locations":[{"start":{"line":50,"column":21},"end":{"line":50,"column":49}},{"start":{"line":50,"column":53},"end":{"line":50,"column":72}}]},"7":{"line":64,"type":"switch","locations":[{"start":{"line":69,"column":4},"end":{"line":70,"column":14}},{"start":{"line":75,"column":4},"end":{"line":76,"column":14}}]},"8":{"line":85,"type":"switch","locations":[{"start":{"line":90,"column":4},"end":{"line":105,"column":14}},{"start":{"line":111,"column":4},"end":{"line":193,"column":14},"skip":true}]},"9":{"line":91,"type":"binary-expr","locations":[{"start":{"line":91,"column":42},"end":{"line":91,"column":73}},{"start":{"line":91,"column":77},"end":{"line":99,"column":9}}]},"10":{"line":102,"type":"binary-expr","locations":[{"start":{"line":102,"column":18},"end":{"line":102,"column":32}},{"start":{"line":103,"column":12},"end":{"line":103,"column":53}},{"start":{"line":104,"column":12},"end":{"line":104,"column":61}}]},"11":{"line":112,"type":"binary-expr","locations":[{"start":{"line":112,"column":45},"end":{"line":112,"column":79},"skip":true},{"start":{"line":112,"column":83},"end":{"line":121,"column":9},"skip":true}]},"12":{"line":123,"type":"binary-expr","locations":[{"start":{"line":123,"column":42},"end":{"line":123,"column":73},"skip":true},{"start":{"line":123,"column":77},"end":{"line":136,"column":9},"skip":true}]},"13":{"line":138,"type":"binary-expr","locations":[{"start":{"line":138,"column":48},"end":{"line":138,"column":85},"skip":true},{"start":{"line":139,"column":12},"end":{"line":145,"column":13},"skip":true}]},"14":{"line":147,"type":"binary-expr","locations":[{"start":{"line":147,"column":42},"end":{"line":147,"column":73},"skip":true},{"start":{"line":147,"column":77},"end":{"line":156,"column":9},"skip":true}]},"15":{"line":158,"type":"binary-expr","locations":[{"start":{"line":158,"column":45},"end":{"line":158,"column":79},"skip":true},{"start":{"line":158,"column":83},"end":{"line":167,"column":9},"skip":true}]},"16":{"line":169,"type":"binary-expr","locations":[{"start":{"line":169,"column":43},"end":{"line":169,"column":75},"skip":true},{"start":{"line":169,"column":79},"end":{"line":178,"column":9},"skip":true}]},"17":{"line":180,"type":"binary-expr","locations":[{"start":{"line":180,"column":41},"end":{"line":180,"column":71},"skip":true},{"start":{"line":180,"column":75},"end":{"line":189,"column":9},"skip":true}]}},"code":["/* istanbul instrument in package npmtest_easy_session */","/*jslint","    bitwise: true,","    browser: true,","    maxerr: 8,","    maxlen: 96,","    node: true,","    nomen: true,","    regexp: true,","    stupid: true","*/","(function () {","    'use strict';","    var local;","","","","    // run shared js-env code - pre-init","    (function () {","        // init local","        local = {};","        // init modeJs","        local.modeJs = (function () {","            try {","                return typeof navigator.userAgent === 'string' &&","                    typeof document.querySelector('body') === 'object' &&","                    typeof XMLHttpRequest.prototype.open === 'function' &&","                    'browser';","            } catch (errorCaughtBrowser) {","                return module.exports &&","                    typeof process.versions.node === 'string' &&","                    typeof require('http').createServer === 'function' &&","                    'node';","            }","        }());","        // init global","        local.global = local.modeJs === 'browser'","            ? window","            : global;","        switch (local.modeJs) {","        // re-init local from window.local","        case 'browser':","            local = local.global.utility2.objectSetDefault(","                local.global.utility2_rollup || local.global.local,","                local.global.utility2","            );","            break;","        // re-init local from example.js","        case 'node':","            local = (local.global.utility2_rollup || require('utility2'))","                .requireReadme();","            break;","        }","        // export local","        local.global.local = local;","    }());","","","","    // run shared js-env code - function","    (function () {","        return;","    }());","    switch (local.modeJs) {","","","","    // run browser js-env code - function","    case 'browser':","        break;","","","","    // run node js-env code - function","    case 'node':","        break;","    }","","","","    // run shared js-env code - post-init","    (function () {","        return;","    }());","    switch (local.modeJs) {","","","","    // run browser js-env code - post-init","    case 'browser':","        local.testCase_browser_nullCase = local.testCase_browser_nullCase || function (","            options,","            onError","        ) {","        /*","         * this function will test browsers's null-case handling-behavior-behavior","         */","            onError(null, options);","        };","","        // run tests","        local.nop(local.modeTest &&","            document.querySelector('#testRunButton1') &&","            document.querySelector('#testRunButton1').click());","        break;","","","","    // run node js-env code - post-init","    /* istanbul ignore next */","    case 'node':","        local.testCase_buildApidoc_default = local.testCase_buildApidoc_default || function (","            options,","            onError","        ) {","        /*","         * this function will test buildApidoc's default handling-behavior-behavior","         */","            options = { modulePathList: module.paths };","            local.buildApidoc(options, onError);","        };","","        local.testCase_buildApp_default = local.testCase_buildApp_default || function (","            options,","            onError","        ) {","        /*","         * this function will test buildApp's default handling-behavior-behavior","         */","            local.testCase_buildReadme_default(options, local.onErrorThrow);","            local.testCase_buildLib_default(options, local.onErrorThrow);","            local.testCase_buildTest_default(options, local.onErrorThrow);","            local.testCase_buildCustomOrg_default(options, local.onErrorThrow);","            options = [];","            local.buildApp(options, onError);","        };","","        local.testCase_buildCustomOrg_default = local.testCase_buildCustomOrg_default ||","            function (options, onError) {","            /*","             * this function will test buildCustomOrg's default handling-behavior","             */","                options = {};","                local.buildCustomOrg(options, onError);","            };","","        local.testCase_buildLib_default = local.testCase_buildLib_default || function (","            options,","            onError","        ) {","        /*","         * this function will test buildLib's default handling-behavior","         */","            options = {};","            local.buildLib(options, onError);","        };","","        local.testCase_buildReadme_default = local.testCase_buildReadme_default || function (","            options,","            onError","        ) {","        /*","         * this function will test buildReadme's default handling-behavior-behavior","         */","            options = {};","            local.buildReadme(options, onError);","        };","","        local.testCase_buildTest_default = local.testCase_buildTest_default || function (","            options,","            onError","        ) {","        /*","         * this function will test buildTest's default handling-behavior","         */","            options = {};","            local.buildTest(options, onError);","        };","","        local.testCase_webpage_default = local.testCase_webpage_default || function (","            options,","            onError","        ) {","        /*","         * this function will test webpage's default handling-behavior","         */","            options = { modeCoverageMerge: true, url: local.serverLocalHost + '?modeTest=1' };","            local.browserTest(options, onError);","        };","","        // run test-server","        local.testRunServer(local);","        break;","    }","}());",""],"l":{"12":2,"14":2,"19":2,"21":2,"23":2,"24":2,"25":2,"30":1,"37":2,"40":2,"43":1,"47":1,"50":1,"52":1,"55":2,"61":2,"62":2,"64":2,"70":1,"76":1,"82":2,"83":2,"85":2,"91":1,"98":1,"102":1,"105":1,"112":1,"119":1,"120":1,"123":1,"130":1,"131":1,"132":1,"133":1,"134":1,"135":1,"138":1,"143":2,"144":2,"147":1,"154":2,"155":2,"158":1,"165":2,"166":2,"169":1,"176":2,"177":2,"180":1,"187":1,"188":1,"192":1,"193":1}},"/home/travis/build/npmtest/node-npmtest-easy-session/lib.npmtest_easy_session.js":{"path":"/home/travis/build/npmtest/node-npmtest-easy-session/lib.npmtest_easy_session.js","s":{"1":2,"2":2,"3":2,"4":2,"5":2,"6":2,"7":2,"8":1,"9":2,"10":2,"11":2,"12":2,"13":1,"14":1,"15":1,"16":1},"b":{"1":[2,1,1,1],"2":[1,1,1,1],"3":[1,1],"4":[2,2],"5":[1,1]},"f":{"1":2,"2":2,"3":2},"fnMap":{"1":{"name":"(anonymous_1)","line":12,"loc":{"start":{"line":12,"column":1},"end":{"line":12,"column":13}}},"2":{"name":"(anonymous_2)","line":19,"loc":{"start":{"line":19,"column":5},"end":{"line":19,"column":17}}},"3":{"name":"(anonymous_3)","line":23,"loc":{"start":{"line":23,"column":24},"end":{"line":23,"column":36}}}},"statementMap":{"1":{"start":{"line":12,"column":0},"end":{"line":53,"column":5}},"2":{"start":{"line":14,"column":4},"end":{"line":14,"column":14}},"3":{"start":{"line":19,"column":4},"end":{"line":52,"column":9}},"4":{"start":{"line":21,"column":8},"end":{"line":21,"column":19}},"5":{"start":{"line":23,"column":8},"end":{"line":35,"column":13}},"6":{"start":{"line":24,"column":12},"end":{"line":34,"column":13}},"7":{"start":{"line":25,"column":16},"end":{"line":28,"column":30}},"8":{"start":{"line":30,"column":16},"end":{"line":33,"column":27}},"9":{"start":{"line":37,"column":8},"end":{"line":39,"column":21}},"10":{"start":{"line":41,"column":8},"end":{"line":41,"column":54}},"11":{"start":{"line":43,"column":8},"end":{"line":43,"column":57}},"12":{"start":{"line":45,"column":8},"end":{"line":51,"column":9}},"13":{"start":{"line":46,"column":12},"end":{"line":46,"column":63}},"14":{"start":{"line":48,"column":12},"end":{"line":48,"column":35}},"15":{"start":{"line":49,"column":12},"end":{"line":49,"column":49}},"16":{"start":{"line":50,"column":12},"end":{"line":50,"column":43}}},"branchMap":{"1":{"line":25,"type":"binary-expr","locations":[{"start":{"line":25,"column":23},"end":{"line":25,"column":62}},{"start":{"line":26,"column":20},"end":{"line":26,"column":70}},{"start":{"line":27,"column":20},"end":{"line":27,"column":71}},{"start":{"line":28,"column":20},"end":{"line":28,"column":29}}]},"2":{"line":30,"type":"binary-expr","locations":[{"start":{"line":30,"column":23},"end":{"line":30,"column":37}},{"start":{"line":31,"column":20},"end":{"line":31,"column":61}},{"start":{"line":32,"column":20},"end":{"line":32,"column":70}},{"start":{"line":33,"column":20},"end":{"line":33,"column":26}}]},"3":{"line":37,"type":"cond-expr","locations":[{"start":{"line":38,"column":14},"end":{"line":38,"column":20}},{"start":{"line":39,"column":14},"end":{"line":39,"column":20}}]},"4":{"line":41,"type":"binary-expr","locations":[{"start":{"line":41,"column":16},"end":{"line":41,"column":44}},{"start":{"line":41,"column":48},"end":{"line":41,"column":53}}]},"5":{"line":45,"type":"if","locations":[{"start":{"line":45,"column":8},"end":{"line":45,"column":8}},{"start":{"line":45,"column":8},"end":{"line":45,"column":8}}]}},"code":["/* istanbul instrument in package npmtest_easy_session */","/*jslint","    bitwise: true,","    browser: true,","    maxerr: 8,","    maxlen: 96,","    node: true,","    nomen: true,","    regexp: true,","    stupid: true","*/","(function () {","    'use strict';","    var local;","","","","    // run shared js-env code - pre-init","    (function () {","        // init local","        local = {};","        // init modeJs","        local.modeJs = (function () {","            try {","                return typeof navigator.userAgent === 'string' &&","                    typeof document.querySelector('body') === 'object' &&","                    typeof XMLHttpRequest.prototype.open === 'function' &&","                    'browser';","            } catch (errorCaughtBrowser) {","                return module.exports &&","                    typeof process.versions.node === 'string' &&","                    typeof require('http').createServer === 'function' &&","                    'node';","            }","        }());","        // init global","        local.global = local.modeJs === 'browser'","            ? window","            : global;","        // init utility2_rollup","        local = local.global.utility2_rollup || local;","        // init lib","        local.local = local.npmtest_easy_session = local;","        // init exports","        if (local.modeJs === 'browser') {","            local.global.utility2_npmtest_easy_session = local;","        } else {","            module.exports = local;","            module.exports.__dirname = __dirname;","            module.exports.module = module;","        }","    }());","}());",""],"l":{"12":2,"14":2,"19":2,"21":2,"23":2,"24":2,"25":2,"30":1,"37":2,"41":2,"43":2,"45":2,"46":1,"48":1,"49":1,"50":1}},"/home/travis/build/npmtest/node-npmtest-easy-session/example.js":{"path":"/home/travis/build/npmtest/node-npmtest-easy-session/example.js","s":{"1":2,"2":2,"3":2,"4":2,"5":2,"6":2,"7":2,"8":1,"9":2,"10":2,"11":2,"12":2,"13":1,"14":2,"15":2,"16":2,"17":2,"18":2,"19":0,"20":2,"21":1,"22":1,"23":1,"24":1,"25":1,"26":0,"27":0,"28":1,"29":1,"30":2,"31":0,"32":0,"33":0,"34":1,"35":2,"36":2,"37":3,"38":3,"39":3,"40":3,"41":0,"42":3,"43":3,"44":3,"45":1,"46":3,"47":1,"48":1,"49":1,"50":1,"51":1,"52":1,"53":1,"54":1,"55":1,"56":1,"57":0,"58":1,"59":6,"60":6,"61":1,"62":2,"63":0,"64":2,"65":1,"66":1,"67":0,"68":0,"69":0,"70":0,"71":0,"72":0,"73":0,"74":0,"75":0,"76":0,"77":0,"78":0,"79":0,"80":0,"81":0,"82":0,"83":0},"b":{"1":[2,1,1,1],"2":[1,1,1,1],"3":[1,1],"4":[2,2],"5":[1,1],"6":[1,1],"7":[2,0],"8":[2,1,1,1,1,1],"9":[0,2,0],"10":[1,1],"11":[2,1,1],"12":[1,0],"13":[0,2],"14":[2,0,0,0,0,0,0],"15":[0,3],"16":[3,0],"17":[1,1],"18":[0,1],"19":[1,2,0,2],"20":[1,0],"21":[1,1],"22":[0,0],"23":[0,0],"24":[0,0],"25":[0,0],"26":[0,0],"27":[0,0],"28":[0,0]},"f":{"1":2,"2":2,"3":2,"4":2,"5":2,"6":2,"7":3,"8":3,"9":3,"10":1,"11":6,"12":0},"fnMap":{"1":{"name":"(anonymous_1)","line":26,"loc":{"start":{"line":26,"column":1},"end":{"line":26,"column":13}}},"2":{"name":"(anonymous_2)","line":33,"loc":{"start":{"line":33,"column":5},"end":{"line":33,"column":17}}},"3":{"name":"(anonymous_3)","line":37,"loc":{"start":{"line":37,"column":24},"end":{"line":37,"column":36}}},"4":{"name":"(anonymous_4)","line":69,"loc":{"start":{"line":69,"column":31},"end":{"line":69,"column":48}},"skip":true},"5":{"name":"(anonymous_5)","line":78,"loc":{"start":{"line":78,"column":26},"end":{"line":78,"column":45}},"skip":true},"6":{"name":"(anonymous_6)","line":123,"loc":{"start":{"line":123,"column":33},"end":{"line":123,"column":48}},"skip":true},"7":{"name":"(anonymous_7)","line":125,"loc":{"start":{"line":125,"column":27},"end":{"line":125,"column":39}},"skip":true},"8":{"name":"(anonymous_8)","line":133,"loc":{"start":{"line":133,"column":59},"end":{"line":133,"column":74}},"skip":true},"9":{"name":"(anonymous_9)","line":143,"loc":{"start":{"line":143,"column":45},"end":{"line":143,"column":62}},"skip":true},"10":{"name":"(anonymous_10)","line":144,"loc":{"start":{"line":144,"column":73},"end":{"line":144,"column":92}},"skip":true},"11":{"name":"(anonymous_11)","line":272,"loc":{"start":{"line":272,"column":51},"end":{"line":272,"column":77}},"skip":true},"12":{"name":"(anonymous_12)","line":315,"loc":{"start":{"line":315,"column":32},"end":{"line":315,"column":61}},"skip":true}},"statementMap":{"1":{"start":{"line":26,"column":0},"end":{"line":326,"column":5}},"2":{"start":{"line":28,"column":4},"end":{"line":28,"column":14}},"3":{"start":{"line":33,"column":4},"end":{"line":60,"column":9}},"4":{"start":{"line":35,"column":8},"end":{"line":35,"column":19}},"5":{"start":{"line":37,"column":8},"end":{"line":49,"column":13}},"6":{"start":{"line":38,"column":12},"end":{"line":48,"column":13}},"7":{"start":{"line":39,"column":16},"end":{"line":42,"column":30}},"8":{"start":{"line":44,"column":16},"end":{"line":47,"column":27}},"9":{"start":{"line":51,"column":8},"end":{"line":53,"column":21}},"10":{"start":{"line":55,"column":8},"end":{"line":57,"column":45}},"11":{"start":{"line":59,"column":8},"end":{"line":59,"column":35}},"12":{"start":{"line":61,"column":4},"end":{"line":325,"column":5}},"13":{"start":{"line":69,"column":8},"end":{"line":121,"column":10},"skip":true},"14":{"start":{"line":70,"column":12},"end":{"line":88,"column":13},"skip":true},"15":{"start":{"line":76,"column":16},"end":{"line":87,"column":19},"skip":true},"16":{"start":{"line":79,"column":20},"end":{"line":86,"column":21},"skip":true},"17":{"start":{"line":82,"column":24},"end":{"line":82,"column":43},"skip":true},"18":{"start":{"line":83,"column":24},"end":{"line":83,"column":30},"skip":true},"19":{"start":{"line":85,"column":24},"end":{"line":85,"column":49},"skip":true},"20":{"start":{"line":89,"column":12},"end":{"line":107,"column":13},"skip":true},"21":{"start":{"line":92,"column":16},"end":{"line":102,"column":17},"skip":true},"22":{"start":{"line":93,"column":20},"end":{"line":93,"column":86},"skip":true},"23":{"start":{"line":94,"column":20},"end":{"line":95,"column":45},"skip":true},"24":{"start":{"line":96,"column":20},"end":{"line":96,"column":42},"skip":true},"25":{"start":{"line":97,"column":20},"end":{"line":97,"column":48},"skip":true},"26":{"start":{"line":100,"column":20},"end":{"line":100,"column":85},"skip":true},"27":{"start":{"line":101,"column":20},"end":{"line":101,"column":96},"skip":true},"28":{"start":{"line":103,"column":16},"end":{"line":103,"column":22},"skip":true},"29":{"start":{"line":106,"column":16},"end":{"line":106,"column":22},"skip":true},"30":{"start":{"line":108,"column":12},"end":{"line":120,"column":13},"skip":true},"31":{"start":{"line":114,"column":16},"end":{"line":119,"column":17},"skip":true},"32":{"start":{"line":116,"column":20},"end":{"line":116,"column":78},"skip":true},"33":{"start":{"line":118,"column":20},"end":{"line":118,"column":47},"skip":true},"34":{"start":{"line":123,"column":8},"end":{"line":141,"column":11},"skip":true},"35":{"start":{"line":124,"column":12},"end":{"line":124,"column":54},"skip":true},"36":{"start":{"line":125,"column":12},"end":{"line":140,"column":14},"skip":true},"37":{"start":{"line":126,"column":16},"end":{"line":126,"column":28},"skip":true},"38":{"start":{"line":127,"column":16},"end":{"line":127,"column":69},"skip":true},"39":{"start":{"line":128,"column":16},"end":{"line":128,"column":75},"skip":true},"40":{"start":{"line":129,"column":16},"end":{"line":131,"column":17},"skip":true},"41":{"start":{"line":130,"column":20},"end":{"line":130,"column":27},"skip":true},"42":{"start":{"line":133,"column":16},"end":{"line":137,"column":36},"skip":true},"43":{"start":{"line":134,"column":20},"end":{"line":136,"column":55},"skip":true},"44":{"start":{"line":139,"column":16},"end":{"line":139,"column":57},"skip":true},"45":{"start":{"line":143,"column":8},"end":{"line":147,"column":11},"skip":true},"46":{"start":{"line":144,"column":12},"end":{"line":146,"column":15},"skip":true},"47":{"start":{"line":145,"column":16},"end":{"line":145,"column":70},"skip":true},"48":{"start":{"line":149,"column":8},"end":{"line":149,"column":31},"skip":true},"49":{"start":{"line":150,"column":8},"end":{"line":150,"column":14},"skip":true},"50":{"start":{"line":158,"column":8},"end":{"line":158,"column":31},"skip":true},"51":{"start":{"line":160,"column":8},"end":{"line":160,"column":33},"skip":true},"52":{"start":{"line":161,"column":8},"end":{"line":161,"column":37},"skip":true},"53":{"start":{"line":162,"column":8},"end":{"line":162,"column":35},"skip":true},"54":{"start":{"line":164,"column":8},"end":{"line":164,"column":50},"skip":true},"55":{"start":{"line":166,"column":8},"end":{"line":256,"column":2},"skip":true},"56":{"start":{"line":258,"column":8},"end":{"line":286,"column":9},"skip":true},"57":{"start":{"line":259,"column":12},"end":{"line":269,"column":14},"skip":true},"58":{"start":{"line":271,"column":12},"end":{"line":285,"column":19},"skip":true},"59":{"start":{"line":274,"column":20},"end":{"line":274,"column":35},"skip":true},"60":{"start":{"line":275,"column":20},"end":{"line":284,"column":21},"skip":true},"61":{"start":{"line":277,"column":24},"end":{"line":277,"column":64},"skip":true},"62":{"start":{"line":279,"column":24},"end":{"line":279,"column":40},"skip":true},"63":{"start":{"line":281,"column":24},"end":{"line":281,"column":40},"skip":true},"64":{"start":{"line":283,"column":24},"end":{"line":283,"column":39},"skip":true},"65":{"start":{"line":288,"column":8},"end":{"line":290,"column":9},"skip":true},"66":{"start":{"line":289,"column":12},"end":{"line":289,"column":18},"skip":true},"67":{"start":{"line":291,"column":8},"end":{"line":293,"column":54},"skip":true},"68":{"start":{"line":296,"column":8},"end":{"line":301,"column":37},"skip":true},"69":{"start":{"line":303,"column":8},"end":{"line":303,"column":82},"skip":true},"70":{"start":{"line":306,"column":8},"end":{"line":308,"column":9},"skip":true},"71":{"start":{"line":307,"column":12},"end":{"line":307,"column":82},"skip":true},"72":{"start":{"line":310,"column":8},"end":{"line":312,"column":9},"skip":true},"73":{"start":{"line":311,"column":12},"end":{"line":311,"column":18},"skip":true},"74":{"start":{"line":313,"column":8},"end":{"line":313,"column":54},"skip":true},"75":{"start":{"line":314,"column":8},"end":{"line":314,"column":69},"skip":true},"76":{"start":{"line":315,"column":8},"end":{"line":323,"column":36},"skip":true},"77":{"start":{"line":316,"column":12},"end":{"line":316,"column":61},"skip":true},"78":{"start":{"line":317,"column":12},"end":{"line":320,"column":13},"skip":true},"79":{"start":{"line":318,"column":16},"end":{"line":318,"column":75},"skip":true},"80":{"start":{"line":319,"column":16},"end":{"line":319,"column":23},"skip":true},"81":{"start":{"line":321,"column":12},"end":{"line":321,"column":38},"skip":true},"82":{"start":{"line":322,"column":12},"end":{"line":322,"column":27},"skip":true},"83":{"start":{"line":324,"column":8},"end":{"line":324,"column":14},"skip":true}},"branchMap":{"1":{"line":39,"type":"binary-expr","locations":[{"start":{"line":39,"column":23},"end":{"line":39,"column":62}},{"start":{"line":40,"column":20},"end":{"line":40,"column":70}},{"start":{"line":41,"column":20},"end":{"line":41,"column":71}},{"start":{"line":42,"column":20},"end":{"line":42,"column":29}}]},"2":{"line":44,"type":"binary-expr","locations":[{"start":{"line":44,"column":23},"end":{"line":44,"column":37}},{"start":{"line":45,"column":20},"end":{"line":45,"column":61}},{"start":{"line":46,"column":20},"end":{"line":46,"column":70}},{"start":{"line":47,"column":20},"end":{"line":47,"column":26}}]},"3":{"line":51,"type":"cond-expr","locations":[{"start":{"line":52,"column":14},"end":{"line":52,"column":20}},{"start":{"line":53,"column":14},"end":{"line":53,"column":20}}]},"4":{"line":55,"type":"binary-expr","locations":[{"start":{"line":55,"column":16},"end":{"line":55,"column":44}},{"start":{"line":55,"column":49},"end":{"line":57,"column":43}}]},"5":{"line":55,"type":"cond-expr","locations":[{"start":{"line":56,"column":14},"end":{"line":56,"column":56}},{"start":{"line":57,"column":14},"end":{"line":57,"column":43}}]},"6":{"line":61,"type":"switch","locations":[{"start":{"line":68,"column":4},"end":{"line":150,"column":14},"skip":true},{"start":{"line":156,"column":4},"end":{"line":324,"column":14},"skip":true}]},"7":{"line":70,"type":"if","locations":[{"start":{"line":70,"column":12},"end":{"line":70,"column":12},"skip":true},{"start":{"line":70,"column":12},"end":{"line":70,"column":12},"skip":true}]},"8":{"line":70,"type":"binary-expr","locations":[{"start":{"line":70,"column":16},"end":{"line":70,"column":22},"skip":true},{"start":{"line":70,"column":27},"end":{"line":70,"column":32},"skip":true},{"start":{"line":71,"column":20},"end":{"line":71,"column":39},"skip":true},{"start":{"line":72,"column":20},"end":{"line":72,"column":49},"skip":true},{"start":{"line":73,"column":20},"end":{"line":73,"column":58},"skip":true},{"start":{"line":74,"column":20},"end":{"line":74,"column":69},"skip":true}]},"9":{"line":79,"type":"switch","locations":[{"start":{"line":80,"column":20},"end":{"line":80,"column":33},"skip":true},{"start":{"line":81,"column":20},"end":{"line":83,"column":30},"skip":true},{"start":{"line":84,"column":20},"end":{"line":85,"column":49},"skip":true}]},"10":{"line":89,"type":"switch","locations":[{"start":{"line":90,"column":12},"end":{"line":103,"column":22},"skip":true},{"start":{"line":105,"column":12},"end":{"line":106,"column":22},"skip":true}]},"11":{"line":89,"type":"binary-expr","locations":[{"start":{"line":89,"column":20},"end":{"line":89,"column":25},"skip":true},{"start":{"line":89,"column":29},"end":{"line":89,"column":48},"skip":true},{"start":{"line":89,"column":52},"end":{"line":89,"column":74},"skip":true}]},"12":{"line":92,"type":"if","locations":[{"start":{"line":92,"column":16},"end":{"line":92,"column":16},"skip":true},{"start":{"line":92,"column":16},"end":{"line":92,"column":16},"skip":true}]},"13":{"line":108,"type":"if","locations":[{"start":{"line":108,"column":12},"end":{"line":108,"column":12},"skip":true},{"start":{"line":108,"column":12},"end":{"line":108,"column":12},"skip":true}]},"14":{"line":108,"type":"binary-expr","locations":[{"start":{"line":108,"column":16},"end":{"line":108,"column":61},"skip":true},{"start":{"line":108,"column":66},"end":{"line":108,"column":72},"skip":true},{"start":{"line":108,"column":77},"end":{"line":108,"column":82},"skip":true},{"start":{"line":109,"column":20},"end":{"line":109,"column":39},"skip":true},{"start":{"line":110,"column":20},"end":{"line":110,"column":49},"skip":true},{"start":{"line":111,"column":20},"end":{"line":111,"column":58},"skip":true},{"start":{"line":112,"column":20},"end":{"line":112,"column":68},"skip":true}]},"15":{"line":129,"type":"if","locations":[{"start":{"line":129,"column":16},"end":{"line":129,"column":16},"skip":true},{"start":{"line":129,"column":16},"end":{"line":129,"column":16},"skip":true}]},"16":{"line":134,"type":"cond-expr","locations":[{"start":{"line":135,"column":26},"end":{"line":135,"column":29},"skip":true},{"start":{"line":136,"column":26},"end":{"line":136,"column":54},"skip":true}]},"17":{"line":164,"type":"binary-expr","locations":[{"start":{"line":164,"column":27},"end":{"line":164,"column":43},"skip":true},{"start":{"line":164,"column":47},"end":{"line":164,"column":49},"skip":true}]},"18":{"line":258,"type":"if","locations":[{"start":{"line":258,"column":8},"end":{"line":258,"column":8},"skip":true},{"start":{"line":258,"column":8},"end":{"line":258,"column":8},"skip":true}]},"19":{"line":275,"type":"switch","locations":[{"start":{"line":276,"column":20},"end":{"line":277,"column":64},"skip":true},{"start":{"line":278,"column":20},"end":{"line":279,"column":40},"skip":true},{"start":{"line":280,"column":20},"end":{"line":281,"column":40},"skip":true},{"start":{"line":282,"column":20},"end":{"line":283,"column":39},"skip":true}]},"20":{"line":288,"type":"if","locations":[{"start":{"line":288,"column":8},"end":{"line":288,"column":8},"skip":true},{"start":{"line":288,"column":8},"end":{"line":288,"column":8},"skip":true}]},"21":{"line":288,"type":"binary-expr","locations":[{"start":{"line":288,"column":12},"end":{"line":288,"column":40},"skip":true},{"start":{"line":288,"column":44},"end":{"line":288,"column":67},"skip":true}]},"22":{"line":292,"type":"binary-expr","locations":[{"start":{"line":292,"column":12},"end":{"line":292,"column":50},"skip":true},{"start":{"line":293,"column":12},"end":{"line":293,"column":53},"skip":true}]},"23":{"line":297,"type":"binary-expr","locations":[{"start":{"line":297,"column":12},"end":{"line":297,"column":70},"skip":true},{"start":{"line":298,"column":12},"end":{"line":301,"column":36},"skip":true}]},"24":{"line":303,"type":"binary-expr","locations":[{"start":{"line":303,"column":43},"end":{"line":303,"column":75},"skip":true},{"start":{"line":303,"column":79},"end":{"line":303,"column":81},"skip":true}]},"25":{"line":306,"type":"if","locations":[{"start":{"line":306,"column":8},"end":{"line":306,"column":8},"skip":true},{"start":{"line":306,"column":8},"end":{"line":306,"column":8},"skip":true}]},"26":{"line":310,"type":"if","locations":[{"start":{"line":310,"column":8},"end":{"line":310,"column":8},"skip":true},{"start":{"line":310,"column":8},"end":{"line":310,"column":8},"skip":true}]},"27":{"line":313,"type":"binary-expr","locations":[{"start":{"line":313,"column":27},"end":{"line":313,"column":43},"skip":true},{"start":{"line":313,"column":47},"end":{"line":313,"column":53},"skip":true}]},"28":{"line":317,"type":"if","locations":[{"start":{"line":317,"column":12},"end":{"line":317,"column":12},"skip":true},{"start":{"line":317,"column":12},"end":{"line":317,"column":12},"skip":true}]}},"code":["/*","example.js","","quickstart example","","instruction","    1. save this script as example.js","    2. run the shell command:","        $ npm install npmtest-easy-session && PORT=8081 node example.js","    3. play with the browser-demo on http://127.0.0.1:8081","*/","","","","/* istanbul instrument in package npmtest_easy_session */","/*jslint","    bitwise: true,","    browser: true,","    maxerr: 8,","    maxlen: 96,","    node: true,","    nomen: true,","    regexp: true,","    stupid: true","*/","(function () {","    'use strict';","    var local;","","","","    // run shared js-env code - pre-init","    (function () {","        // init local","        local = {};","        // init modeJs","        local.modeJs = (function () {","            try {","                return typeof navigator.userAgent === 'string' &&","                    typeof document.querySelector('body') === 'object' &&","                    typeof XMLHttpRequest.prototype.open === 'function' &&","                    'browser';","            } catch (errorCaughtBrowser) {","                return module.exports &&","                    typeof process.versions.node === 'string' &&","                    typeof require('http').createServer === 'function' &&","                    'node';","            }","        }());","        // init global","        local.global = local.modeJs === 'browser'","            ? window","            : global;","        // init utility2_rollup","        local = local.global.utility2_rollup || (local.modeJs === 'browser'","            ? local.global.utility2_npmtest_easy_session","            : global.utility2_moduleExports);","        // export local","        local.global.local = local;","    }());","    switch (local.modeJs) {","","","","    // post-init","    // run browser js-env code - post-init","    /* istanbul ignore next */","    case 'browser':","        local.testRunBrowser = function (event) {","            if (!event || (event &&","                    event.currentTarget &&","                    event.currentTarget.className &&","                    event.currentTarget.className.includes &&","                    event.currentTarget.className.includes('onreset'))) {","                // reset output","                Array.from(","                    document.querySelectorAll('body > .resettable')","                ).forEach(function (element) {","                    switch (element.tagName) {","                    case 'INPUT':","                    case 'TEXTAREA':","                        element.value = '';","                        break;","                    default:","                        element.textContent = '';","                    }","                });","            }","            switch (event && event.currentTarget && event.currentTarget.id) {","            case 'testRunButton1':","                // show tests","                if (document.querySelector('#testReportDiv1').style.display === 'none') {","                    document.querySelector('#testReportDiv1').style.display = 'block';","                    document.querySelector('#testRunButton1').textContent =","                        'hide internal test';","                    local.modeTest = true;","                    local.testRunDefault(local);","                // hide tests","                } else {","                    document.querySelector('#testReportDiv1').style.display = 'none';","                    document.querySelector('#testRunButton1').textContent = 'run internal test';","                }","                break;","            // custom-case","            default:","                break;","            }","            if (document.querySelector('#inputTextareaEval1') && (!event || (event &&","                    event.currentTarget &&","                    event.currentTarget.className &&","                    event.currentTarget.className.includes &&","                    event.currentTarget.className.includes('oneval')))) {","                // try to eval input-code","                try {","                    /*jslint evil: true*/","                    eval(document.querySelector('#inputTextareaEval1').value);","                } catch (errorCaught) {","                    console.error(errorCaught);","                }","            }","        };","        // log stderr and stdout to #outputTextareaStdout1","        ['error', 'log'].forEach(function (key) {","            console[key + '_original'] = console[key];","            console[key] = function () {","                var element;","                console[key + '_original'].apply(console, arguments);","                element = document.querySelector('#outputTextareaStdout1');","                if (!element) {","                    return;","                }","                // append text to #outputTextareaStdout1","                element.value += Array.from(arguments).map(function (arg) {","                    return typeof arg === 'string'","                        ? arg","                        : JSON.stringify(arg, null, 4);","                }).join(' ') + '\\n';","                // scroll textarea to bottom","                element.scrollTop = element.scrollHeight;","            };","        });","        // init event-handling","        ['change', 'click', 'keyup'].forEach(function (event) {","            Array.from(document.querySelectorAll('.on' + event)).forEach(function (element) {","                element.addEventListener(event, local.testRunBrowser);","            });","        });","        // run tests","        local.testRunBrowser();","        break;","","","","    // run node js-env code - post-init","    /* istanbul ignore next */","    case 'node':","        // export local","        module.exports = local;","        // require modules","        local.fs = require('fs');","        local.http = require('http');","        local.url = require('url');","        // init assets","        local.assetsDict = local.assetsDict || {};","        /* jslint-ignore-begin */","        local.assetsDict['/assets.index.template.html'] = '\\","<!doctype html>\\n\\","<html lang=\"en\">\\n\\","<head>\\n\\","<meta charset=\"UTF-8\">\\n\\","<meta name=\"viewport\" content=\"width=device-width, initial-scale=1\">\\n\\","<title>{{env.npm_package_name}} (v{{env.npm_package_version}})</title>\\n\\","<style>\\n\\","/*csslint\\n\\","    box-sizing: false,\\n\\","    universal-selector: false\\n\\","*/\\n\\","* {\\n\\","    box-sizing: border-box;\\n\\","}\\n\\","body {\\n\\","    background: #dde;\\n\\","    font-family: Arial, Helvetica, sans-serif;\\n\\","    margin: 2rem;\\n\\","}\\n\\","body > * {\\n\\","    margin-bottom: 1rem;\\n\\","}\\n\\",".utility2FooterDiv {\\n\\","    margin-top: 20px;\\n\\","    text-align: center;\\n\\","}\\n\\","</style>\\n\\","<style>\\n\\","/*csslint\\n\\","*/\\n\\","textarea {\\n\\","    font-family: monospace;\\n\\","    height: 10rem;\\n\\","    width: 100%;\\n\\","}\\n\\","textarea[readonly] {\\n\\","    background: #ddd;\\n\\","}\\n\\","</style>\\n\\","</head>\\n\\","<body>\\n\\","<!-- utility2-comment\\n\\","<div id=\"ajaxProgressDiv1\" style=\"background: #d00; height: 2px; left: 0; margin: 0; padding: 0; position: fixed; top: 0; transition: background 0.5s, width 1.5s; width: 25%;\"></div>\\n\\","utility2-comment -->\\n\\","<h1>\\n\\","<!-- utility2-comment\\n\\","    <a\\n\\","        {{#if env.npm_package_homepage}}\\n\\","        href=\"{{env.npm_package_homepage}}\"\\n\\","        {{/if env.npm_package_homepage}}\\n\\","        target=\"_blank\"\\n\\","    >\\n\\","utility2-comment -->\\n\\","        {{env.npm_package_name}} (v{{env.npm_package_version}})\\n\\","<!-- utility2-comment\\n\\","    </a>\\n\\","utility2-comment -->\\n\\","</h1>\\n\\","<h3>{{env.npm_package_description}}</h3>\\n\\","<!-- utility2-comment\\n\\","<h4><a download href=\"assets.app.js\">download standalone app</a></h4>\\n\\","<button class=\"onclick onreset\" id=\"testRunButton1\">run internal test</button><br>\\n\\","<div id=\"testReportDiv1\" style=\"display: none;\"></div>\\n\\","utility2-comment -->\\n\\","\\n\\","\\n\\","\\n\\","<label>stderr and stdout</label>\\n\\","<textarea class=\"resettable\" id=\"outputTextareaStdout1\" readonly></textarea>\\n\\","<!-- utility2-comment\\n\\","{{#if isRollup}}\\n\\","<script src=\"assets.app.js\"></script>\\n\\","{{#unless isRollup}}\\n\\","utility2-comment -->\\n\\","<script src=\"assets.utility2.rollup.js\"></script>\\n\\","<script src=\"jsonp.utility2._stateInit?callback=window.utility2._stateInit\"></script>\\n\\","<script src=\"assets.npmtest_easy_session.rollup.js\"></script>\\n\\","<script src=\"assets.example.js\"></script>\\n\\","<script src=\"assets.test.js\"></script>\\n\\","<!-- utility2-comment\\n\\","{{/if isRollup}}\\n\\","utility2-comment -->\\n\\","<div class=\"utility2FooterDiv\">\\n\\","    [ this app was created with\\n\\","    <a href=\"https://github.com/kaizhu256/node-utility2\" target=\"_blank\">utility2</a>\\n\\","    ]\\n\\","</div>\\n\\","</body>\\n\\","</html>\\n\\","';","        /* jslint-ignore-end */","        if (local.templateRender) {","            local.assetsDict['/'] = local.templateRender(","                local.assetsDict['/assets.index.template.html'],","                {","                    env: local.objectSetDefault(local.env, {","                        npm_package_description: 'the greatest app in the world!',","                        npm_package_name: 'my-app',","                        npm_package_nameAlias: 'my_app',","                        npm_package_version: '0.0.1'","                    })","                }","            );","        } else {","            local.assetsDict['/'] = local.assetsDict['/assets.index.template.html']","                .replace((/\\{\\{env\\.(\\w+?)\\}\\}/g), function (match0, match1) {","                    // jslint-hack","                    String(match0);","                    switch (match1) {","                    case 'npm_package_description':","                        return 'the greatest app in the world!';","                    case 'npm_package_name':","                        return 'my-app';","                    case 'npm_package_nameAlias':","                        return 'my_app';","                    case 'npm_package_version':","                        return '0.0.1';","                    }","                });","        }","        // run the cli","        if (local.global.utility2_rollup || module !== require.main) {","            break;","        }","        local.assetsDict['/assets.example.js'] =","            local.assetsDict['/assets.example.js'] ||","            local.fs.readFileSync(__filename, 'utf8');","        // bug-workaround - long $npm_package_buildCustomOrg","        /* jslint-ignore-begin */","        local.assetsDict['/assets.npmtest_easy_session.rollup.js'] =","            local.assetsDict['/assets.npmtest_easy_session.rollup.js'] ||","            local.fs.readFileSync(","                local.npmtest_easy_session.__dirname + '/lib.npmtest_easy_session.js',","                'utf8'","            ).replace((/^#!/), '//');","        /* jslint-ignore-end */","        local.assetsDict['/favicon.ico'] = local.assetsDict['/favicon.ico'] || '';","        // if $npm_config_timeout_exit exists,","        // then exit this process after $npm_config_timeout_exit ms","        if (Number(process.env.npm_config_timeout_exit)) {","            setTimeout(process.exit, Number(process.env.npm_config_timeout_exit));","        }","        // start server","        if (local.global.utility2_serverHttp1) {","            break;","        }","        process.env.PORT = process.env.PORT || '8081';","        console.error('server starting on port ' + process.env.PORT);","        local.http.createServer(function (request, response) {","            request.urlParsed = local.url.parse(request.url);","            if (local.assetsDict[request.urlParsed.pathname] !== undefined) {","                response.end(local.assetsDict[request.urlParsed.pathname]);","                return;","            }","            response.statusCode = 404;","            response.end();","        }).listen(process.env.PORT);","        break;","    }","}());",""],"l":{"26":2,"28":2,"33":2,"35":2,"37":2,"38":2,"39":2,"44":1,"51":2,"55":2,"59":2,"61":2,"69":1,"70":2,"76":2,"79":2,"82":2,"83":2,"85":1,"89":2,"92":1,"93":1,"94":1,"96":1,"97":1,"100":1,"101":1,"103":1,"106":1,"108":2,"114":1,"116":1,"118":1,"123":1,"124":2,"125":2,"126":3,"127":3,"128":3,"129":3,"130":1,"133":3,"134":3,"139":3,"143":1,"144":3,"145":1,"149":1,"150":1,"158":1,"160":1,"161":1,"162":1,"164":1,"166":1,"258":1,"259":1,"271":1,"274":6,"275":6,"277":1,"279":2,"281":1,"283":2,"288":1,"289":1,"291":1,"296":1,"303":1,"306":1,"307":1,"310":1,"311":1,"313":1,"314":1,"315":1,"316":1,"317":1,"318":1,"319":1,"321":1,"322":1,"324":1}},"/home/travis/build/npmtest/node-npmtest-easy-session/node_modules/easy-session/index.js":{"path":"/home/travis/build/npmtest/node-npmtest-easy-session/node_modules/easy-session/index.js","s":{"1":1,"2":1,"3":0,"4":0,"5":0,"6":0,"7":0,"8":0,"9":0,"10":0,"11":0,"12":0,"13":0,"14":0,"15":0,"16":0,"17":0,"18":0,"19":0,"20":0,"21":0,"22":0,"23":0,"24":0,"25":0,"26":0,"27":0,"28":0,"29":0,"30":0,"31":0,"32":0,"33":0,"34":0,"35":0,"36":0,"37":0,"38":0,"39":0,"40":0,"41":0,"42":0,"43":0,"44":0,"45":0,"46":0,"47":0,"48":0,"49":0,"50":0,"51":0,"52":0,"53":0,"54":0,"55":0,"56":0,"57":0,"58":0,"59":0,"60":0,"61":0,"62":0,"63":0,"64":0,"65":0,"66":0,"67":0,"68":0,"69":0,"70":0,"71":0,"72":0,"73":0,"74":0,"75":0,"76":0,"77":0,"78":0,"79":0,"80":0,"81":0,"82":0,"83":0,"84":0,"85":0,"86":0,"87":0,"88":0,"89":0,"90":0,"91":0,"92":0,"93":0,"94":0,"95":1,"96":0,"97":0,"98":0,"99":0,"100":0,"101":0,"102":0,"103":0,"104":0,"105":0,"106":0,"107":0,"108":0,"109":0,"110":0,"111":0,"112":0,"113":1,"114":0,"115":0,"116":0,"117":0,"118":0,"119":0,"120":0,"121":0,"122":1,"123":1,"124":0,"125":0,"126":0,"127":0,"128":0,"129":0,"130":0,"131":0,"132":1,"133":1,"134":0,"135":0,"136":0,"137":0,"138":0,"139":0,"140":0,"141":0,"142":0,"143":0,"144":0,"145":1,"146":0,"147":0,"148":0,"149":0,"150":0,"151":0,"152":0,"153":0,"154":0,"155":0,"156":0,"157":0,"158":0,"159":0,"160":0,"161":0,"162":0,"163":0,"164":0,"165":0,"166":0},"b":{"1":[0,0],"2":[0,0],"3":[0,0],"4":[0,0],"5":[0,0],"6":[0,0],"7":[0,0],"8":[0,0],"9":[0,0],"10":[0,0],"11":[0,0],"12":[0,0],"13":[0,0],"14":[0,0],"15":[0,0],"16":[0,0],"17":[0,0],"18":[0,0],"19":[0,0],"20":[0,0],"21":[0,0],"22":[0,0],"23":[0,0],"24":[0,0],"25":[0,0],"26":[0,0],"27":[0,0],"28":[0,0],"29":[0,0],"30":[0,0],"31":[0,0],"32":[0,0],"33":[0,0],"34":[0,0],"35":[0,0],"36":[0,0],"37":[0,0],"38":[0,0],"39":[0,0],"40":[0,0],"41":[0,0],"42":[0,0],"43":[0,0],"44":[0,0],"45":[0,0],"46":[0,0],"47":[0,0],"48":[0,0],"49":[0,0],"50":[0,0],"51":[0,0],"52":[0,0]},"f":{"1":0,"2":0,"3":0,"4":0,"5":0,"6":0,"7":0,"8":0,"9":0,"10":0,"11":0,"12":0,"13":0,"14":0,"15":0,"16":0,"17":0,"18":0,"19":0,"20":0,"21":0,"22":0,"23":0,"24":0,"25":0,"26":0,"27":0,"28":0},"fnMap":{"1":{"name":"easySessionMain","line":5,"loc":{"start":{"line":5,"column":22},"end":{"line":5,"column":62}}},"2":{"name":"login","line":37,"loc":{"start":{"line":37,"column":30},"end":{"line":37,"column":63}}},"3":{"name":"(anonymous_3)","line":55,"loc":{"start":{"line":55,"column":24},"end":{"line":55,"column":39}}},"4":{"name":"(anonymous_4)","line":72,"loc":{"start":{"line":72,"column":44},"end":{"line":72,"column":59}}},"5":{"name":"logout","line":86,"loc":{"start":{"line":86,"column":31},"end":{"line":86,"column":51}}},"6":{"name":"resetMaxAge","line":92,"loc":{"start":{"line":92,"column":36},"end":{"line":92,"column":59}}},"7":{"name":"setLastRequest","line":101,"loc":{"start":{"line":101,"column":39},"end":{"line":101,"column":65}}},"8":{"name":"isGuest","line":110,"loc":{"start":{"line":110,"column":32},"end":{"line":110,"column":51}}},"9":{"name":"isLoggedIn","line":121,"loc":{"start":{"line":121,"column":35},"end":{"line":121,"column":61}}},"10":{"name":"isFresh","line":133,"loc":{"start":{"line":133,"column":32},"end":{"line":133,"column":51}}},"11":{"name":"setRole","line":151,"loc":{"start":{"line":151,"column":32},"end":{"line":151,"column":55}}},"12":{"name":"getRole","line":160,"loc":{"start":{"line":160,"column":32},"end":{"line":160,"column":51}}},"13":{"name":"hasRole","line":170,"loc":{"start":{"line":170,"column":32},"end":{"line":170,"column":64}}},"14":{"name":"hasNotRole","line":190,"loc":{"start":{"line":190,"column":35},"end":{"line":190,"column":61}}},"15":{"name":"can","line":200,"loc":{"start":{"line":200,"column":32},"end":{"line":200,"column":68}}},"16":{"name":"sessionMiddleware","line":209,"loc":{"start":{"line":209,"column":11},"end":{"line":209,"column":54}}},"17":{"name":"refresh","line":219,"loc":{"start":{"line":219,"column":8},"end":{"line":219,"column":26}}},"18":{"name":"isLoggedIn","line":263,"loc":{"start":{"line":263,"column":0},"end":{"line":263,"column":35}}},"19":{"name":"(anonymous_19)","line":264,"loc":{"start":{"line":264,"column":11},"end":{"line":264,"column":37}}},"20":{"name":"isFresh","line":284,"loc":{"start":{"line":284,"column":0},"end":{"line":284,"column":32}}},"21":{"name":"(anonymous_21)","line":285,"loc":{"start":{"line":285,"column":11},"end":{"line":285,"column":37}}},"22":{"name":"checkRole","line":309,"loc":{"start":{"line":309,"column":27},"end":{"line":309,"column":76}}},"23":{"name":"(anonymous_23)","line":314,"loc":{"start":{"line":314,"column":11},"end":{"line":314,"column":37}}},"24":{"name":"can","line":336,"loc":{"start":{"line":336,"column":21},"end":{"line":336,"column":68}}},"25":{"name":"canAccess","line":340,"loc":{"start":{"line":340,"column":11},"end":{"line":340,"column":46}}},"26":{"name":"(anonymous_26)","line":341,"loc":{"start":{"line":341,"column":23},"end":{"line":341,"column":43}}},"27":{"name":"(anonymous_27)","line":348,"loc":{"start":{"line":348,"column":20},"end":{"line":348,"column":32}}},"28":{"name":"(anonymous_28)","line":357,"loc":{"start":{"line":357,"column":29},"end":{"line":357,"column":50}}}},"statementMap":{"1":{"start":{"line":3,"column":0},"end":{"line":3,"column":32}},"2":{"start":{"line":5,"column":0},"end":{"line":256,"column":2}},"3":{"start":{"line":7,"column":4},"end":{"line":9,"column":5}},"4":{"start":{"line":8,"column":8},"end":{"line":8,"column":103}},"5":{"start":{"line":10,"column":4},"end":{"line":10,"column":61}},"6":{"start":{"line":13,"column":4},"end":{"line":13,"column":22}},"7":{"start":{"line":14,"column":4},"end":{"line":16,"column":5}},"8":{"start":{"line":15,"column":8},"end":{"line":15,"column":77}},"9":{"start":{"line":19,"column":4},"end":{"line":19,"column":69}},"10":{"start":{"line":20,"column":4},"end":{"line":20,"column":69}},"11":{"start":{"line":21,"column":4},"end":{"line":21,"column":60}},"12":{"start":{"line":22,"column":4},"end":{"line":22,"column":67}},"13":{"start":{"line":23,"column":4},"end":{"line":23,"column":13}},"14":{"start":{"line":24,"column":4},"end":{"line":26,"column":5}},"15":{"start":{"line":25,"column":8},"end":{"line":25,"column":35}},"16":{"start":{"line":37,"column":4},"end":{"line":79,"column":6}},"17":{"start":{"line":38,"column":8},"end":{"line":46,"column":9}},"18":{"start":{"line":39,"column":12},"end":{"line":39,"column":22}},"19":{"start":{"line":40,"column":12},"end":{"line":40,"column":27}},"20":{"start":{"line":41,"column":12},"end":{"line":41,"column":35}},"21":{"start":{"line":42,"column":15},"end":{"line":46,"column":9}},"22":{"start":{"line":43,"column":12},"end":{"line":43,"column":24}},"23":{"start":{"line":44,"column":12},"end":{"line":44,"column":26}},"24":{"start":{"line":45,"column":12},"end":{"line":45,"column":35}},"25":{"start":{"line":47,"column":8},"end":{"line":52,"column":9}},"26":{"start":{"line":48,"column":12},"end":{"line":48,"column":24}},"27":{"start":{"line":49,"column":12},"end":{"line":49,"column":27}},"28":{"start":{"line":50,"column":15},"end":{"line":52,"column":9}},"29":{"start":{"line":51,"column":12},"end":{"line":51,"column":77}},"30":{"start":{"line":54,"column":8},"end":{"line":54,"column":27}},"31":{"start":{"line":55,"column":8},"end":{"line":78,"column":11}},"32":{"start":{"line":56,"column":12},"end":{"line":59,"column":13}},"33":{"start":{"line":57,"column":16},"end":{"line":57,"column":24}},"34":{"start":{"line":58,"column":16},"end":{"line":58,"column":23}},"35":{"start":{"line":61,"column":12},"end":{"line":61,"column":49}},"36":{"start":{"line":62,"column":12},"end":{"line":62,"column":52}},"37":{"start":{"line":63,"column":12},"end":{"line":63,"column":38}},"38":{"start":{"line":65,"column":12},"end":{"line":67,"column":13}},"39":{"start":{"line":66,"column":16},"end":{"line":66,"column":41}},"40":{"start":{"line":68,"column":12},"end":{"line":70,"column":13}},"41":{"start":{"line":69,"column":16},"end":{"line":69,"column":60}},"42":{"start":{"line":71,"column":12},"end":{"line":75,"column":13}},"43":{"start":{"line":72,"column":16},"end":{"line":74,"column":19}},"44":{"start":{"line":73,"column":20},"end":{"line":73,"column":51}},"45":{"start":{"line":76,"column":12},"end":{"line":76,"column":31}},"46":{"start":{"line":77,"column":12},"end":{"line":77,"column":17}},"47":{"start":{"line":86,"column":4},"end":{"line":88,"column":6}},"48":{"start":{"line":87,"column":8},"end":{"line":87,"column":35}},"49":{"start":{"line":90,"column":4},"end":{"line":90,"column":55}},"50":{"start":{"line":92,"column":4},"end":{"line":95,"column":6}},"51":{"start":{"line":93,"column":8},"end":{"line":93,"column":41}},"52":{"start":{"line":94,"column":8},"end":{"line":94,"column":41}},"53":{"start":{"line":101,"column":4},"end":{"line":103,"column":6}},"54":{"start":{"line":102,"column":8},"end":{"line":102,"column":41}},"55":{"start":{"line":110,"column":4},"end":{"line":112,"column":6}},"56":{"start":{"line":111,"column":8},"end":{"line":111,"column":33}},"57":{"start":{"line":121,"column":4},"end":{"line":126,"column":6}},"58":{"start":{"line":122,"column":8},"end":{"line":124,"column":9}},"59":{"start":{"line":123,"column":12},"end":{"line":123,"column":35}},"60":{"start":{"line":125,"column":8},"end":{"line":125,"column":53}},"61":{"start":{"line":133,"column":4},"end":{"line":145,"column":6}},"62":{"start":{"line":134,"column":8},"end":{"line":136,"column":9}},"63":{"start":{"line":135,"column":12},"end":{"line":135,"column":25}},"64":{"start":{"line":137,"column":8},"end":{"line":137,"column":48}},"65":{"start":{"line":138,"column":8},"end":{"line":140,"column":9}},"66":{"start":{"line":139,"column":12},"end":{"line":139,"column":25}},"67":{"start":{"line":141,"column":8},"end":{"line":143,"column":9}},"68":{"start":{"line":142,"column":12},"end":{"line":142,"column":24}},"69":{"start":{"line":144,"column":8},"end":{"line":144,"column":21}},"70":{"start":{"line":151,"column":4},"end":{"line":154,"column":6}},"71":{"start":{"line":152,"column":8},"end":{"line":152,"column":26}},"72":{"start":{"line":153,"column":8},"end":{"line":153,"column":20}},"73":{"start":{"line":160,"column":4},"end":{"line":162,"column":6}},"74":{"start":{"line":161,"column":8},"end":{"line":161,"column":37}},"75":{"start":{"line":170,"column":4},"end":{"line":182,"column":6}},"76":{"start":{"line":172,"column":8},"end":{"line":174,"column":9}},"77":{"start":{"line":173,"column":12},"end":{"line":173,"column":41}},"78":{"start":{"line":176,"column":8},"end":{"line":176,"column":37}},"79":{"start":{"line":177,"column":8},"end":{"line":179,"column":9}},"80":{"start":{"line":178,"column":12},"end":{"line":178,"column":48}},"81":{"start":{"line":181,"column":8},"end":{"line":181,"column":32}},"82":{"start":{"line":190,"column":4},"end":{"line":197,"column":6}},"83":{"start":{"line":191,"column":8},"end":{"line":191,"column":37}},"84":{"start":{"line":192,"column":8},"end":{"line":194,"column":9}},"85":{"start":{"line":193,"column":12},"end":{"line":193,"column":48}},"86":{"start":{"line":196,"column":8},"end":{"line":196,"column":32}},"87":{"start":{"line":199,"column":4},"end":{"line":203,"column":5}},"88":{"start":{"line":200,"column":8},"end":{"line":202,"column":10}},"89":{"start":{"line":201,"column":12},"end":{"line":201,"column":67}},"90":{"start":{"line":209,"column":4},"end":{"line":254,"column":6}},"91":{"start":{"line":212,"column":8},"end":{"line":212,"column":74}},"92":{"start":{"line":214,"column":8},"end":{"line":217,"column":9}},"93":{"start":{"line":215,"column":12},"end":{"line":215,"column":54}},"94":{"start":{"line":216,"column":12},"end":{"line":216,"column":19}},"95":{"start":{"line":219,"column":8},"end":{"line":223,"column":9}},"96":{"start":{"line":220,"column":12},"end":{"line":220,"column":50}},"97":{"start":{"line":221,"column":12},"end":{"line":221,"column":49}},"98":{"start":{"line":222,"column":12},"end":{"line":222,"column":41}},"99":{"start":{"line":225,"column":8},"end":{"line":225,"column":34}},"100":{"start":{"line":226,"column":8},"end":{"line":226,"column":33}},"101":{"start":{"line":228,"column":8},"end":{"line":231,"column":9}},"102":{"start":{"line":229,"column":12},"end":{"line":229,"column":19}},"103":{"start":{"line":230,"column":12},"end":{"line":230,"column":19}},"104":{"start":{"line":233,"column":8},"end":{"line":241,"column":9}},"105":{"start":{"line":236,"column":12},"end":{"line":236,"column":68}},"106":{"start":{"line":239,"column":12},"end":{"line":239,"column":37}},"107":{"start":{"line":240,"column":12},"end":{"line":240,"column":19}},"108":{"start":{"line":243,"column":8},"end":{"line":251,"column":9}},"109":{"start":{"line":246,"column":12},"end":{"line":246,"column":84}},"110":{"start":{"line":249,"column":12},"end":{"line":249,"column":37}},"111":{"start":{"line":250,"column":12},"end":{"line":250,"column":19}},"112":{"start":{"line":253,"column":8},"end":{"line":253,"column":15}},"113":{"start":{"line":263,"column":0},"end":{"line":276,"column":1}},"114":{"start":{"line":264,"column":4},"end":{"line":275,"column":6}},"115":{"start":{"line":265,"column":8},"end":{"line":268,"column":9}},"116":{"start":{"line":266,"column":12},"end":{"line":266,"column":19}},"117":{"start":{"line":267,"column":12},"end":{"line":267,"column":19}},"118":{"start":{"line":269,"column":8},"end":{"line":272,"column":9}},"119":{"start":{"line":270,"column":12},"end":{"line":270,"column":42}},"120":{"start":{"line":271,"column":12},"end":{"line":271,"column":19}},"121":{"start":{"line":274,"column":8},"end":{"line":274,"column":52}},"122":{"start":{"line":277,"column":0},"end":{"line":277,"column":39}},"123":{"start":{"line":284,"column":0},"end":{"line":297,"column":1}},"124":{"start":{"line":285,"column":4},"end":{"line":296,"column":6}},"125":{"start":{"line":286,"column":8},"end":{"line":289,"column":9}},"126":{"start":{"line":287,"column":12},"end":{"line":287,"column":19}},"127":{"start":{"line":288,"column":12},"end":{"line":288,"column":19}},"128":{"start":{"line":290,"column":8},"end":{"line":293,"column":9}},"129":{"start":{"line":291,"column":12},"end":{"line":291,"column":42}},"130":{"start":{"line":292,"column":12},"end":{"line":292,"column":19}},"131":{"start":{"line":295,"column":8},"end":{"line":295,"column":52}},"132":{"start":{"line":298,"column":0},"end":{"line":298,"column":33}},"133":{"start":{"line":309,"column":0},"end":{"line":326,"column":2}},"134":{"start":{"line":310,"column":4},"end":{"line":313,"column":5}},"135":{"start":{"line":311,"column":8},"end":{"line":311,"column":32}},"136":{"start":{"line":312,"column":8},"end":{"line":312,"column":24}},"137":{"start":{"line":314,"column":4},"end":{"line":325,"column":6}},"138":{"start":{"line":315,"column":8},"end":{"line":318,"column":9}},"139":{"start":{"line":316,"column":12},"end":{"line":316,"column":19}},"140":{"start":{"line":317,"column":12},"end":{"line":317,"column":19}},"141":{"start":{"line":319,"column":8},"end":{"line":322,"column":9}},"142":{"start":{"line":320,"column":12},"end":{"line":320,"column":42}},"143":{"start":{"line":321,"column":12},"end":{"line":321,"column":19}},"144":{"start":{"line":324,"column":8},"end":{"line":324,"column":52}},"145":{"start":{"line":336,"column":0},"end":{"line":368,"column":2}},"146":{"start":{"line":337,"column":4},"end":{"line":339,"column":5}},"147":{"start":{"line":338,"column":8},"end":{"line":338,"column":69}},"148":{"start":{"line":340,"column":4},"end":{"line":367,"column":6}},"149":{"start":{"line":341,"column":8},"end":{"line":347,"column":10}},"150":{"start":{"line":342,"column":12},"end":{"line":345,"column":13}},"151":{"start":{"line":343,"column":16},"end":{"line":343,"column":24}},"152":{"start":{"line":344,"column":16},"end":{"line":344,"column":23}},"153":{"start":{"line":346,"column":12},"end":{"line":346,"column":19}},"154":{"start":{"line":348,"column":8},"end":{"line":355,"column":10}},"155":{"start":{"line":349,"column":12},"end":{"line":352,"column":13}},"156":{"start":{"line":350,"column":16},"end":{"line":350,"column":46}},"157":{"start":{"line":351,"column":16},"end":{"line":351,"column":23}},"158":{"start":{"line":354,"column":12},"end":{"line":354,"column":56}},"159":{"start":{"line":356,"column":8},"end":{"line":365,"column":9}},"160":{"start":{"line":357,"column":12},"end":{"line":363,"column":15}},"161":{"start":{"line":358,"column":16},"end":{"line":361,"column":17}},"162":{"start":{"line":359,"column":20},"end":{"line":359,"column":58}},"163":{"start":{"line":360,"column":20},"end":{"line":360,"column":27}},"164":{"start":{"line":362,"column":16},"end":{"line":362,"column":59}},"165":{"start":{"line":364,"column":12},"end":{"line":364,"column":19}},"166":{"start":{"line":366,"column":8},"end":{"line":366,"column":53}}},"branchMap":{"1":{"line":7,"type":"if","locations":[{"start":{"line":7,"column":4},"end":{"line":7,"column":4}},{"start":{"line":7,"column":4},"end":{"line":7,"column":4}}]},"2":{"line":10,"type":"binary-expr","locations":[{"start":{"line":10,"column":18},"end":{"line":10,"column":33}},{"start":{"line":10,"column":37},"end":{"line":10,"column":60}}]},"3":{"line":13,"type":"binary-expr","locations":[{"start":{"line":13,"column":11},"end":{"line":13,"column":15}},{"start":{"line":13,"column":19},"end":{"line":13,"column":21}}]},"4":{"line":14,"type":"if","locations":[{"start":{"line":14,"column":4},"end":{"line":14,"column":4}},{"start":{"line":14,"column":4},"end":{"line":14,"column":4}}]},"5":{"line":19,"type":"cond-expr","locations":[{"start":{"line":19,"column":47},"end":{"line":19,"column":51}},{"start":{"line":19,"column":54},"end":{"line":19,"column":68}}]},"6":{"line":20,"type":"cond-expr","locations":[{"start":{"line":20,"column":47},"end":{"line":20,"column":51}},{"start":{"line":20,"column":54},"end":{"line":20,"column":68}}]},"7":{"line":21,"type":"binary-expr","locations":[{"start":{"line":21,"column":23},"end":{"line":21,"column":40}},{"start":{"line":21,"column":45},"end":{"line":21,"column":58}}]},"8":{"line":22,"type":"binary-expr","locations":[{"start":{"line":22,"column":26},"end":{"line":22,"column":46}},{"start":{"line":22,"column":51},"end":{"line":22,"column":65}}]},"9":{"line":24,"type":"if","locations":[{"start":{"line":24,"column":4},"end":{"line":24,"column":4}},{"start":{"line":24,"column":4},"end":{"line":24,"column":4}}]},"10":{"line":38,"type":"if","locations":[{"start":{"line":38,"column":8},"end":{"line":38,"column":8}},{"start":{"line":38,"column":8},"end":{"line":38,"column":8}}]},"11":{"line":42,"type":"if","locations":[{"start":{"line":42,"column":15},"end":{"line":42,"column":15}},{"start":{"line":42,"column":15},"end":{"line":42,"column":15}}]},"12":{"line":47,"type":"if","locations":[{"start":{"line":47,"column":8},"end":{"line":47,"column":8}},{"start":{"line":47,"column":8},"end":{"line":47,"column":8}}]},"13":{"line":50,"type":"if","locations":[{"start":{"line":50,"column":15},"end":{"line":50,"column":15}},{"start":{"line":50,"column":15},"end":{"line":50,"column":15}}]},"14":{"line":50,"type":"binary-expr","locations":[{"start":{"line":50,"column":19},"end":{"line":50,"column":25}},{"start":{"line":50,"column":29},"end":{"line":50,"column":55}}]},"15":{"line":56,"type":"if","locations":[{"start":{"line":56,"column":12},"end":{"line":56,"column":12}},{"start":{"line":56,"column":12},"end":{"line":56,"column":12}}]},"16":{"line":65,"type":"if","locations":[{"start":{"line":65,"column":12},"end":{"line":65,"column":12}},{"start":{"line":65,"column":12},"end":{"line":65,"column":12}}]},"17":{"line":68,"type":"if","locations":[{"start":{"line":68,"column":12},"end":{"line":68,"column":12}},{"start":{"line":68,"column":12},"end":{"line":68,"column":12}}]},"18":{"line":71,"type":"if","locations":[{"start":{"line":71,"column":12},"end":{"line":71,"column":12}},{"start":{"line":71,"column":12},"end":{"line":71,"column":12}}]},"19":{"line":122,"type":"if","locations":[{"start":{"line":122,"column":8},"end":{"line":122,"column":8}},{"start":{"line":122,"column":8},"end":{"line":122,"column":8}}]},"20":{"line":125,"type":"binary-expr","locations":[{"start":{"line":125,"column":15},"end":{"line":125,"column":30}},{"start":{"line":125,"column":34},"end":{"line":125,"column":52}}]},"21":{"line":134,"type":"if","locations":[{"start":{"line":134,"column":8},"end":{"line":134,"column":8}},{"start":{"line":134,"column":8},"end":{"line":134,"column":8}}]},"22":{"line":138,"type":"if","locations":[{"start":{"line":138,"column":8},"end":{"line":138,"column":8}},{"start":{"line":138,"column":8},"end":{"line":138,"column":8}}]},"23":{"line":141,"type":"if","locations":[{"start":{"line":141,"column":8},"end":{"line":141,"column":8}},{"start":{"line":141,"column":8},"end":{"line":141,"column":8}}]},"24":{"line":141,"type":"binary-expr","locations":[{"start":{"line":141,"column":11},"end":{"line":141,"column":29}},{"start":{"line":141,"column":33},"end":{"line":141,"column":84}}]},"25":{"line":161,"type":"binary-expr","locations":[{"start":{"line":161,"column":15},"end":{"line":161,"column":25}},{"start":{"line":161,"column":29},"end":{"line":161,"column":36}}]},"26":{"line":172,"type":"if","locations":[{"start":{"line":172,"column":8},"end":{"line":172,"column":8}},{"start":{"line":172,"column":8},"end":{"line":172,"column":8}}]},"27":{"line":177,"type":"if","locations":[{"start":{"line":177,"column":8},"end":{"line":177,"column":8}},{"start":{"line":177,"column":8},"end":{"line":177,"column":8}}]},"28":{"line":192,"type":"if","locations":[{"start":{"line":192,"column":8},"end":{"line":192,"column":8}},{"start":{"line":192,"column":8},"end":{"line":192,"column":8}}]},"29":{"line":199,"type":"if","locations":[{"start":{"line":199,"column":4},"end":{"line":199,"column":4}},{"start":{"line":199,"column":4},"end":{"line":199,"column":4}}]},"30":{"line":214,"type":"if","locations":[{"start":{"line":214,"column":8},"end":{"line":214,"column":8}},{"start":{"line":214,"column":8},"end":{"line":214,"column":8}}]},"31":{"line":228,"type":"if","locations":[{"start":{"line":228,"column":8},"end":{"line":228,"column":8}},{"start":{"line":228,"column":8},"end":{"line":228,"column":8}}]},"32":{"line":233,"type":"if","locations":[{"start":{"line":233,"column":8},"end":{"line":233,"column":8}},{"start":{"line":233,"column":8},"end":{"line":233,"column":8}}]},"33":{"line":233,"type":"binary-expr","locations":[{"start":{"line":233,"column":11},"end":{"line":233,"column":18}},{"start":{"line":233,"column":22},"end":{"line":233,"column":48}}]},"34":{"line":243,"type":"if","locations":[{"start":{"line":243,"column":8},"end":{"line":243,"column":8}},{"start":{"line":243,"column":8},"end":{"line":243,"column":8}}]},"35":{"line":243,"type":"binary-expr","locations":[{"start":{"line":243,"column":11},"end":{"line":243,"column":18}},{"start":{"line":243,"column":22},"end":{"line":243,"column":67}}]},"36":{"line":265,"type":"if","locations":[{"start":{"line":265,"column":8},"end":{"line":265,"column":8}},{"start":{"line":265,"column":8},"end":{"line":265,"column":8}}]},"37":{"line":269,"type":"if","locations":[{"start":{"line":269,"column":8},"end":{"line":269,"column":8}},{"start":{"line":269,"column":8},"end":{"line":269,"column":8}}]},"38":{"line":274,"type":"binary-expr","locations":[{"start":{"line":274,"column":9},"end":{"line":274,"column":23}},{"start":{"line":274,"column":27},"end":{"line":274,"column":35}}]},"39":{"line":286,"type":"if","locations":[{"start":{"line":286,"column":8},"end":{"line":286,"column":8}},{"start":{"line":286,"column":8},"end":{"line":286,"column":8}}]},"40":{"line":290,"type":"if","locations":[{"start":{"line":290,"column":8},"end":{"line":290,"column":8}},{"start":{"line":290,"column":8},"end":{"line":290,"column":8}}]},"41":{"line":295,"type":"binary-expr","locations":[{"start":{"line":295,"column":9},"end":{"line":295,"column":23}},{"start":{"line":295,"column":27},"end":{"line":295,"column":35}}]},"42":{"line":310,"type":"if","locations":[{"start":{"line":310,"column":4},"end":{"line":310,"column":4}},{"start":{"line":310,"column":4},"end":{"line":310,"column":4}}]},"43":{"line":315,"type":"if","locations":[{"start":{"line":315,"column":8},"end":{"line":315,"column":8}},{"start":{"line":315,"column":8},"end":{"line":315,"column":8}}]},"44":{"line":319,"type":"if","locations":[{"start":{"line":319,"column":8},"end":{"line":319,"column":8}},{"start":{"line":319,"column":8},"end":{"line":319,"column":8}}]},"45":{"line":324,"type":"binary-expr","locations":[{"start":{"line":324,"column":9},"end":{"line":324,"column":23}},{"start":{"line":324,"column":27},"end":{"line":324,"column":35}}]},"46":{"line":337,"type":"if","locations":[{"start":{"line":337,"column":4},"end":{"line":337,"column":4}},{"start":{"line":337,"column":4},"end":{"line":337,"column":4}}]},"47":{"line":342,"type":"if","locations":[{"start":{"line":342,"column":12},"end":{"line":342,"column":12}},{"start":{"line":342,"column":12},"end":{"line":342,"column":12}}]},"48":{"line":342,"type":"binary-expr","locations":[{"start":{"line":342,"column":15},"end":{"line":342,"column":18}},{"start":{"line":342,"column":22},"end":{"line":342,"column":26}}]},"49":{"line":349,"type":"if","locations":[{"start":{"line":349,"column":12},"end":{"line":349,"column":12}},{"start":{"line":349,"column":12},"end":{"line":349,"column":12}}]},"50":{"line":354,"type":"binary-expr","locations":[{"start":{"line":354,"column":13},"end":{"line":354,"column":27}},{"start":{"line":354,"column":31},"end":{"line":354,"column":39}}]},"51":{"line":356,"type":"if","locations":[{"start":{"line":356,"column":8},"end":{"line":356,"column":8}},{"start":{"line":356,"column":8},"end":{"line":356,"column":8}}]},"52":{"line":358,"type":"if","locations":[{"start":{"line":358,"column":16},"end":{"line":358,"column":16}},{"start":{"line":358,"column":16},"end":{"line":358,"column":16}}]}},"code":["'use strict';","","var RBAC = require('easy-rbac');","","module.exports.main = function easySessionMain(connect, opts) {","","    if(!connect) {","        throw new TypeError('expected connect or express or express-session object as first argument');","    }","    var Session = connect.Session || connect.session.Session;","","    // Get options","    opts = opts || {};","    if(typeof opts !== 'object') {","        throw new TypeError('expected an options object as second argument');","    }","","","    var ipCheck = opts.ipCheck === undefined ? true : !!opts.ipCheck;","    var uaCheck = opts.uaCheck === undefined ? true : !!opts.uaCheck;","    var freshTimeout = opts.freshTimeout || (5 * 60 * 1000);","    var maxFreshTimeout = opts.maxFreshTimeout || (10 * 60 * 1000);","    var rbac;","    if(opts.rbac) {","        rbac = new RBAC(opts.rbac);","    }","","    // Extend the Session object","","    /**","     * Function for logging the user in.","     * Regenerates the session and adds _loggedInAt to the session object.","     * Depending on the configuration also adds _ip and _ua for continuity checks.","     * @param obj - optional properties to set on created session","     * @param cb","     */","    Session.prototype.login = function login(role, extend, cb) {","        if(typeof role === 'function') {","            cb = role;","            extend = false;","            role = 'authenticated';","        } else if (typeof role === 'object') {","            cb = extend;","            extend = role;","            role = 'authenticated';","        }","        if(typeof extend === 'function') {","            cb = extend;","            extend = false;","        } else if (extend && typeof extend !== 'object') {","            throw new TypeError('Second parameter expected to be an object');","        }","","        var req = this.req;","        this.regenerate(function (err) {","            if(err) {","                cb(err);","                return;","            }","            // Add logged in date","            req.session._loggedInAt = Date.now();","            req.session._lastRequestAt = Date.now();","            req.session.setRole(role);","","            if(ipCheck) {","                req.session._ip = req.ip;","            }","            if(uaCheck) {","                req.session._ua = req.headers['user-agent'];","            }","            if(extend) {","                Object.keys(extend).forEach(function (key) {","                    req.session[key] = extend[key];","                });","            }","            req.session.save();","            cb();","        });","    };","    /**","     * Function for logging out the user.","     * Is just a proxy for session regeneration.","     * @param cb","     * @returns {*}","     */","    Session.prototype.logout = function logout(cb) {","        return this.regenerate(cb);","    };","","    var oldResetMaxAge = Session.prototype.resetMaxAge;","","    Session.prototype.resetMaxAge = function resetMaxAge() {","        this._lastRequestAt = Date.now();","        return oldResetMaxAge.call(this);","    };","","    /**","     * Function for setting the last request for current moment","     * @returns {*}","     */","    Session.prototype.setLastRequest = function setLastRequest() {","        this._lastRequestAt = Date.now();","    };","","    /**","     * Function for checking if the user is a guest.","     * Returns true if logged out, false if logged in.","     * @returns {boolean}","     */","    Session.prototype.isGuest = function isGuest() {","        return !this._loggedInAt; // If this is not set then we are not logged in","    };","","    /**","     * Function for checking if the user is logged in.","     * Returns true if logged id, false if logged out.","     *","     * @param [optional] {string} - If present the user is also checked for the role","     * @returns {boolean}","     */","    Session.prototype.isLoggedIn = function isLoggedIn(role) {","        if(!role) {","            return !this.isGuest();","        }","        return !this.isGuest() && this.hasRole(role);","    };","","    /**","     * Function for checking if the logged in session is fresh or stale.","     * Returns true if fresh, false if stale.","     * @returns {boolean}","     */","    Session.prototype.isFresh = function isFresh() {","        if(!this._loggedInAt) {","            return false;","        }","        var age = Date.now() - this._loggedInAt;","        if(age > (maxFreshTimeout)) {","            return false;","        }","        if(age < freshTimeout || (Date.now() - this._lastRequestAt) < (freshTimeout)) {","            return true;","        }","        return false;","    };","","    /**","     * Function setting a role on the session","     * @returns {boolean}","     */","    Session.prototype.setRole = function setRole(role) {","        this._role = role;","        return this;","    };","","    /**","     * Function getting a role from the session","     * @returns {boolean}","     */","    Session.prototype.getRole = function getRole() {","        return this._role || 'guest';","    };","","    /**","     * Function checking the session role","     *","     * returns true if given role matches the session role, false otherwise","     * @returns {boolean}","     */","    Session.prototype.hasRole = function hasRole(role, reverse) {","","        if(reverse) {","            return this.hasNotRole(role);","        }","","        var current = this.getRole();","        if(Array.isArray(role)) {","            return role.indexOf(current) !== -1;","        }","","        return current === role;","    };","","    /**","     * Function checking the session role not to match a set","     *","     * returns false if given role matches the session role, true otherwise","     * @returns {boolean}","     */","    Session.prototype.hasNotRole = function hasNotRole(role) {","        var current = this.getRole();","        if(Array.isArray(role)) {","            return role.indexOf(current) === -1;","        }","","        return current !== role;","    };","","    if(rbac) {","        Session.prototype.can = function can(operation, params, cb) {","            return rbac.can(this.getRole(), operation, params, cb);","        };","    }","","    /**","     * Middleware for removing cookies from browser cache and","     * depending on configuration checking if users IP and UA have changed mid session.","     */","    return function sessionMiddleware(req, res, next) {","","        // Remove cookies from cache - a security feature","        res.header('Cache-Control', 'no-cache=\"Set-Cookie, Set-Cookie2\"');","","        if(!req.session) { // If there is no session then something is wrong","            next(new Error('Session object missing'));","            return;","        }","","        function refresh(){","            res.removeListener('finish', refresh);","            res.removeListener('close', refresh);","            req.session.setLastRequest();","        }","","        res.on('finish', refresh);","        res.on('close', refresh);","","        if(req.session.isGuest()) { // If not logged in then continue","            next();","            return;","        }","","        if(ipCheck && req.session._ip !== req.ip) { // Check if IP matches","            // It would be wise to log more information here to either notify the user or","            // to try and prevent further attacks","            console.warn('The request IP did not match session IP');","","            // Generate a new unauthenticated session","            req.session.logout(next);","            return;","        }","","        if(uaCheck && req.session._ua !== req.headers['user-agent']) { // Check if UA matches","            // It would be wise to log more information here to either notify the user or","            // to try and prevent further attacks","            console.warn('The request User Agent did not match session user agent');","","            // Generate a new unauthenticated session","            req.session.logout(next);","            return;","        }","        // Everything checks out so continue","        next();","    };","","};","","/**"," * An express/connect middleware for checking if the user is loggedIn"," * @param errorCallback"," * @returns {Function}"," */","function isLoggedIn(errorCallback) {","    return function (req, res, next) {","        if(req.session.isLoggedIn()) {","            next();","            return;","        }","        if(errorCallback) {","            errorCallback(req, res, next);","            return;","        }","","        (res.sendStatus || res.send).call(res, 401);","    };","}","module.exports.isLoggedIn = isLoggedIn;","","/**"," * An express/connect middleware for checking if the user is loggedIn and session isFresh"," * @param errorCallback"," * @returns {Function}"," */","function isFresh(errorCallback) {","    return function (req, res, next) {","        if(req.session.isFresh()) {","            next();","            return;","        }","        if(errorCallback) {","            errorCallback(req, res, next);","            return;","        }","","        (res.sendStatus || res.send).call(res, 401);","    };","}","module.exports.isFresh = isFresh;","","/**"," * An express/connect middleware for checking if the user is logged in and has"," * certain _role value"," *"," * @param role - role to check for"," * @param reverse - secondary parameter for hasRole"," * @param errorCallback"," * @returns {Function}"," */","module.exports.checkRole = function checkRole(role, reverse, errorCallback) {","    if(typeof reverse === 'function') {","        errorCallback = reverse;","        reverse = false;","    }","    return function (req, res, next) { // Check role","        if(req.session.hasRole(role, reverse)) {","            next();","            return;","        }","        if(errorCallback) {","            errorCallback(req, res, next);","            return;","        }","","        (res.sendStatus || res.send).call(res, 401);","    };","};","","/**"," * An express/connect middleware factory for checking if the is allowed for operation"," *"," * @param operation - operation to check for"," * @param params - secondary parameter for can"," * @param errorCallback"," * @returns {Function}"," */","module.exports.can = function can(operation, params, errorCallback) {","    if(typeof operation !== 'string') {","        throw new TypeError('Expected first parameter to be string');","    }","    return function canAccess(req, res, next) {","        var resultFn = function (err, can) {","            if(err || !can) {","                errFn();","                return;","            }","            next();","        };","        var errFn = function () {","            if(errorCallback) {","                errorCallback(req, res, next);","                return;","            }","","            (res.sendStatus || res.send).call(res, 403);","        };","        if(typeof params === 'function') {","            params(req, res, function (err, data) {","                if(err) {","                    errFn(new Error('RBAC check failed'));","                    return;","                }","                req.session.can(operation, data, resultFn);","            });","            return;","        }","        req.session.can(operation, params, resultFn);","    };","};"],"l":{"3":1,"5":1,"7":0,"8":0,"10":0,"13":0,"14":0,"15":0,"19":0,"20":0,"21":0,"22":0,"23":0,"24":0,"25":0,"37":0,"38":0,"39":0,"40":0,"41":0,"42":0,"43":0,"44":0,"45":0,"47":0,"48":0,"49":0,"50":0,"51":0,"54":0,"55":0,"56":0,"57":0,"58":0,"61":0,"62":0,"63":0,"65":0,"66":0,"68":0,"69":0,"71":0,"72":0,"73":0,"76":0,"77":0,"86":0,"87":0,"90":0,"92":0,"93":0,"94":0,"101":0,"102":0,"110":0,"111":0,"121":0,"122":0,"123":0,"125":0,"133":0,"134":0,"135":0,"137":0,"138":0,"139":0,"141":0,"142":0,"144":0,"151":0,"152":0,"153":0,"160":0,"161":0,"170":0,"172":0,"173":0,"176":0,"177":0,"178":0,"181":0,"190":0,"191":0,"192":0,"193":0,"196":0,"199":0,"200":0,"201":0,"209":0,"212":0,"214":0,"215":0,"216":0,"219":1,"220":0,"221":0,"222":0,"225":0,"226":0,"228":0,"229":0,"230":0,"233":0,"236":0,"239":0,"240":0,"243":0,"246":0,"249":0,"250":0,"253":0,"263":1,"264":0,"265":0,"266":0,"267":0,"269":0,"270":0,"271":0,"274":0,"277":1,"284":1,"285":0,"286":0,"287":0,"288":0,"290":0,"291":0,"292":0,"295":0,"298":1,"309":1,"310":0,"311":0,"312":0,"314":0,"315":0,"316":0,"317":0,"319":0,"320":0,"321":0,"324":0,"336":1,"337":0,"338":0,"340":0,"341":0,"342":0,"343":0,"344":0,"346":0,"348":0,"349":0,"350":0,"351":0,"354":0,"356":0,"357":0,"358":0,"359":0,"360":0,"362":0,"364":0,"366":0}}}